Using pre-set license
Built from '2021.1/staging' branch; Version is '2021.1.3f1 (4bef613afd59) revision 4976481'; Using compiler version '192528614'; Build Type 'Release'
OS: 'Windows 10 Home Single Language; OS build 19041.928; Version 2004; 64bit' Language: 'ru' Physical Memory: 8010 MB
BatchMode: 1, IsHumanControllingUs: 0, StartBugReporterOnCrash: 0, Is64bit: 1, IsPro: 0

 COMMAND LINE ARGUMENTS:
D:\Programs\Unity3D\2021.1.3f1\Editor\Unity.exe
-adb2
-batchMode
-noUpm
-name
AssetImportWorker2
-projectPath
D:/Projects/Unity3D/Quest
-logFile
Logs/AssetImportWorker2.log
-srvPort
50908
Successfully changed project path to: D:/Projects/Unity3D/Quest
D:/Projects/Unity3D/Quest
Using Asset Import Pipeline V2.
Refreshing native plugins compatible for Editor in 107.90 ms, found 1 plugins.
Preloading 0 native plugins for Editor in 0.00 ms.
Initialize engine version: 2021.1.3f1 (4bef613afd59)
[Subsystems] Discovering subsystems at path D:/Programs/Unity3D/2021.1.3f1/Editor/Data/Resources/UnitySubsystems
[Subsystems] Discovering subsystems at path D:/Projects/Unity3D/Quest/Assets
GfxDevice: creating device client; threaded=0; jobified=0
Direct3D:
    Version:  Direct3D 11.0 [level 11.1]
    Renderer: NVIDIA GeForce GTX 1650 (ID=0x1f91)
    Vendor:   NVIDIA
    VRAM:     3962 MB
    Driver:   27.21.14.6627
Shader 'Universal Render Pipeline/Particles/Lit': fallback shader 'Universal Render Pipeline/Particles/SimpleLit' not found
Initialize mono
Mono path[0] = 'D:/Programs/Unity3D/2021.1.3f1/Editor/Data/Managed'
Mono path[1] = 'D:/Programs/Unity3D/2021.1.3f1/Editor/Data/MonoBleedingEdge/lib/mono/unityjit'
Mono config path = 'D:/Programs/Unity3D/2021.1.3f1/Editor/Data/MonoBleedingEdge/etc'
Using monoOptions --debugger-agent=transport=dt_socket,embedding=1,server=y,suspend=n,address=127.0.0.1:56524
Begin MonoManager ReloadAssembly
Registering precompiled unity dll's ...
Register platform support module: D:/Programs/Unity3D/2021.1.3f1/Editor/Data/PlaybackEngines/WindowsStandaloneSupport/UnityEditor.WindowsStandalone.Extensions.dll
Registered in 0.001115 seconds.
Native extension for WindowsStandalone target not found
Refreshing native plugins compatible for Editor in 108.83 ms, found 1 plugins.
Preloading 0 native plugins for Editor in 0.00 ms.
Mono: successfully reloaded assembly
- Completed reload, in  1.826 seconds
Platform modules already initialized, skipping
Registering precompiled user dll's ...
Registered in 0.003097 seconds.
Begin MonoManager ReloadAssembly
Native extension for WindowsStandalone target not found
Refreshing native plugins compatible for Editor in 119.59 ms, found 1 plugins.
Preloading 0 native plugins for Editor in 0.00 ms.
Mono: successfully reloaded assembly
- Completed reload, in  1.141 seconds
Platform modules already initialized, skipping
========================================================================
Worker process is ready to serve import requests
Shader 'Universal Render Pipeline/Particles/Lit': fallback shader 'Universal Render Pipeline/Particles/SimpleLit' not found
Launched and connected shader compiler UnityShaderCompiler.exe after 0.15 seconds
Refreshing native plugins compatible for Editor in 0.77 ms, found 1 plugins.
Preloading 0 native plugins for Editor in 0.00 ms.
Unloading 4224 Unused Serialized files (Serialized files now loaded: 0)
System memory in use before: 260.7 MB.
System memory in use after: 260.9 MB.

Unloading 20 unused Assets to reduce memory usage. Loaded Objects now: 4702.
Total: 2.542000 ms (FindLiveObjects: 0.321000 ms CreateObjectMapping: 0.172400 ms MarkObjects: 1.953800 ms  DeleteObjects: 0.093300 ms)

========================================================================
Received Import Request.
  path: Assets/ampero/web/Ampero-LightItalic.ttf
  artifactKey: Guid(a0c837d9ede99044b8cf708f1d75dc4f) Importer(815301076,1909f56bfc062723c751e8b465ee728b)
Start importing Assets/ampero/web/Ampero-LightItalic.ttf using Guid(a0c837d9ede99044b8cf708f1d75dc4f) Importer(815301076,1909f56bfc062723c751e8b465ee728b)  -> (artifact id: 'f27a42ccef2d86e9cdbd7db6943275ed') in 0.532198 seconds 
========================================================================
Received Prepare
Registering precompiled user dll's ...
Registered in 0.039626 seconds.
Begin MonoManager ReloadAssembly
Native extension for WindowsStandalone target not found
Refreshing native plugins compatible for Editor in 0.71 ms, found 1 plugins.
Preloading 0 native plugins for Editor in 0.00 ms.
Mono: successfully reloaded assembly
- Completed reload, in  1.020 seconds
Platform modules already initialized, skipping
Shader 'Universal Render Pipeline/Particles/Lit': fallback shader 'Universal Render Pipeline/Particles/SimpleLit' not found
Refreshing native plugins compatible for Editor in 1.69 ms, found 1 plugins.
Preloading 0 native plugins for Editor in 0.00 ms.
Unloading 4111 Unused Serialized files (Serialized files now loaded: 0)
System memory in use before: 254.7 MB.
System memory in use after: 254.8 MB.

Unloading 11 unused Assets to reduce memory usage. Loaded Objects now: 4764.
Total: 2.708100 ms (FindLiveObjects: 0.334800 ms CreateObjectMapping: 0.202400 ms MarkObjects: 2.100300 ms  DeleteObjects: 0.069700 ms)

========================================================================
Received Import Request.
  Time since last request: 1008.546860 seconds.
  path: Assets/Animations/Act1/TextCredits.anim
  artifactKey: Guid(f78e740effec31348a99f021db2d7661) Importer(815301076,1909f56bfc062723c751e8b465ee728b)
Start importing Assets/Animations/Act1/TextCredits.anim using Guid(f78e740effec31348a99f021db2d7661) Importer(815301076,1909f56bfc062723c751e8b465ee728b)  -> (artifact id: '4982bd2711801b3298644c02e1a976ec') in 0.060650 seconds 
========================================================================
Received Import Request.
  Time since last request: 4.313427 seconds.
  path: Assets/Animations/Act1/TextCredits.anim
  artifactKey: Guid(f78e740effec31348a99f021db2d7661) Importer(815301076,1909f56bfc062723c751e8b465ee728b)
Start importing Assets/Animations/Act1/TextCredits.anim using Guid(f78e740effec31348a99f021db2d7661) Importer(815301076,1909f56bfc062723c751e8b465ee728b)  -> (artifact id: '61323d0591677025abd1e2c01ee599e0') in 0.023259 seconds 
========================================================================
Received Prepare
Registering precompiled user dll's ...
Registered in 0.002847 seconds.
Begin MonoManager ReloadAssembly
Native extension for WindowsStandalone target not found
Refreshing native plugins compatible for Editor in 0.76 ms, found 1 plugins.
Preloading 0 native plugins for Editor in 0.00 ms.
Mono: successfully reloaded assembly
- Completed reload, in  0.923 seconds
Platform modules already initialized, skipping
Shader 'Universal Render Pipeline/Particles/Lit': fallback shader 'Universal Render Pipeline/Particles/SimpleLit' not found
Refreshing native plugins compatible for Editor in 0.80 ms, found 1 plugins.
Preloading 0 native plugins for Editor in 0.00 ms.
Unloading 4110 Unused Serialized files (Serialized files now loaded: 0)
System memory in use before: 254.7 MB.
System memory in use after: 254.9 MB.

Unloading 11 unused Assets to reduce memory usage. Loaded Objects now: 4767.
Total: 3.327700 ms (FindLiveObjects: 0.432100 ms CreateObjectMapping: 0.416500 ms MarkObjects: 2.395900 ms  DeleteObjects: 0.081900 ms)

========================================================================
Received Import Request.
  Time since last request: 16.685779 seconds.
  path: Assets/Animations/Act1/CameraCredits.anim
  artifactKey: Guid(2d79af116d1cb194cbc89feefadaf134) Importer(815301076,1909f56bfc062723c751e8b465ee728b)
Start importing Assets/Animations/Act1/CameraCredits.anim using Guid(2d79af116d1cb194cbc89feefadaf134) Importer(815301076,1909f56bfc062723c751e8b465ee728b)  -> (artifact id: 'bc4cdbb808b139623c85548e5183594d') in 0.080385 seconds 
========================================================================
Received Prepare
Registering precompiled user dll's ...
Registered in 0.002908 seconds.
Begin MonoManager ReloadAssembly
Native extension for WindowsStandalone target not found
Refreshing native plugins compatible for Editor in 0.72 ms, found 1 plugins.
Preloading 0 native plugins for Editor in 0.00 ms.
Mono: successfully reloaded assembly
- Completed reload, in  0.906 seconds
Platform modules already initialized, skipping
Shader 'Universal Render Pipeline/Particles/Lit': fallback shader 'Universal Render Pipeline/Particles/SimpleLit' not found
Refreshing native plugins compatible for Editor in 0.73 ms, found 1 plugins.
Preloading 0 native plugins for Editor in 0.00 ms.
Unloading 4110 Unused Serialized files (Serialized files now loaded: 0)
System memory in use before: 254.7 MB.
System memory in use after: 254.9 MB.

Unloading 11 unused Assets to reduce memory usage. Loaded Objects now: 4770.
Total: 3.596100 ms (FindLiveObjects: 0.480400 ms CreateObjectMapping: 0.406000 ms MarkObjects: 2.627500 ms  DeleteObjects: 0.081100 ms)

========================================================================
Received Prepare
Registering precompiled user dll's ...
Registered in 0.003090 seconds.
Begin MonoManager ReloadAssembly
Native extension for WindowsStandalone target not found
Refreshing native plugins compatible for Editor in 0.73 ms, found 1 plugins.
Preloading 0 native plugins for Editor in 0.00 ms.
Mono: successfully reloaded assembly
- Completed reload, in  0.913 seconds
Platform modules already initialized, skipping
Shader 'Universal Render Pipeline/Particles/Lit': fallback shader 'Universal Render Pipeline/Particles/SimpleLit' not found
Refreshing native plugins compatible for Editor in 0.74 ms, found 1 plugins.
Preloading 0 native plugins for Editor in 0.00 ms.
Unloading 4110 Unused Serialized files (Serialized files now loaded: 0)
System memory in use before: 254.8 MB.
System memory in use after: 255.0 MB.

Unloading 11 unused Assets to reduce memory usage. Loaded Objects now: 4773.
Total: 3.402600 ms (FindLiveObjects: 0.588400 ms CreateObjectMapping: 0.395400 ms MarkObjects: 2.345500 ms  DeleteObjects: 0.071600 ms)

========================================================================
Received Prepare
Registering precompiled user dll's ...
Registered in 0.003063 seconds.
Begin MonoManager ReloadAssembly
Native extension for WindowsStandalone target not found
Refreshing native plugins compatible for Editor in 0.91 ms, found 1 plugins.
Preloading 0 native plugins for Editor in 0.00 ms.
Mono: successfully reloaded assembly
- Completed reload, in  0.977 seconds
Platform modules already initialized, skipping
Shader 'Universal Render Pipeline/Particles/Lit': fallback shader 'Universal Render Pipeline/Particles/SimpleLit' not found
Refreshing native plugins compatible for Editor in 0.74 ms, found 1 plugins.
Preloading 0 native plugins for Editor in 0.00 ms.
Unloading 4110 Unused Serialized files (Serialized files now loaded: 0)
System memory in use before: 254.8 MB.
System memory in use after: 255.0 MB.

Unloading 11 unused Assets to reduce memory usage. Loaded Objects now: 4776.
Total: 3.172000 ms (FindLiveObjects: 0.393700 ms CreateObjectMapping: 0.237800 ms MarkObjects: 2.449400 ms  DeleteObjects: 0.079900 ms)

========================================================================
Received Prepare
Registering precompiled user dll's ...
Registered in 0.002929 seconds.
Begin MonoManager ReloadAssembly
Native extension for WindowsStandalone target not found
Refreshing native plugins compatible for Editor in 0.76 ms, found 1 plugins.
Preloading 0 native plugins for Editor in 0.00 ms.
Mono: successfully reloaded assembly
- Completed reload, in  1.112 seconds
Platform modules already initialized, skipping
Shader 'Universal Render Pipeline/Particles/Lit': fallback shader 'Universal Render Pipeline/Particles/SimpleLit' not found
Refreshing native plugins compatible for Editor in 0.80 ms, found 1 plugins.
Preloading 0 native plugins for Editor in 0.00 ms.
Unloading 4110 Unused Serialized files (Serialized files now loaded: 0)
System memory in use before: 254.8 MB.
System memory in use after: 255.0 MB.

Unloading 11 unused Assets to reduce memory usage. Loaded Objects now: 4779.
Total: 3.697400 ms (FindLiveObjects: 0.457000 ms CreateObjectMapping: 0.319700 ms MarkObjects: 2.840000 ms  DeleteObjects: 0.079600 ms)

========================================================================
Received Prepare
Registering precompiled user dll's ...
Registered in 0.002910 seconds.
Begin MonoManager ReloadAssembly
Native extension for WindowsStandalone target not found
Refreshing native plugins compatible for Editor in 0.71 ms, found 1 plugins.
Preloading 0 native plugins for Editor in 0.00 ms.
Mono: successfully reloaded assembly
- Completed reload, in  0.926 seconds
Platform modules already initialized, skipping
Shader 'Universal Render Pipeline/Particles/Lit': fallback shader 'Universal Render Pipeline/Particles/SimpleLit' not found
Refreshing native plugins compatible for Editor in 0.72 ms, found 1 plugins.
Preloading 0 native plugins for Editor in 0.00 ms.
Unloading 4110 Unused Serialized files (Serialized files now loaded: 0)
System memory in use before: 254.8 MB.
System memory in use after: 255.0 MB.

Unloading 11 unused Assets to reduce memory usage. Loaded Objects now: 4782.
Total: 3.118400 ms (FindLiveObjects: 0.443900 ms CreateObjectMapping: 0.256800 ms MarkObjects: 2.348000 ms  DeleteObjects: 0.068300 ms)

========================================================================
Received Import Request.
  Time since last request: 221.383217 seconds.
  path: Assets/Animations/Act1/CameraCredits.anim
  artifactKey: Guid(2d79af116d1cb194cbc89feefadaf134) Importer(815301076,1909f56bfc062723c751e8b465ee728b)
Start importing Assets/Animations/Act1/CameraCredits.anim using Guid(2d79af116d1cb194cbc89feefadaf134) Importer(815301076,1909f56bfc062723c751e8b465ee728b)  -> (artifact id: '56a32f83af607bf69384b14ba8db44e0') in 0.033181 seconds 
========================================================================
Received Import Request.
  Time since last request: 11.253066 seconds.
  path: Assets/Animations/Act1/BlackScreen.anim
  artifactKey: Guid(b8d88939adf990745a3435dd2ecfc536) Importer(815301076,1909f56bfc062723c751e8b465ee728b)
Start importing Assets/Animations/Act1/BlackScreen.anim using Guid(b8d88939adf990745a3435dd2ecfc536) Importer(815301076,1909f56bfc062723c751e8b465ee728b)  -> (artifact id: '412d6bf84d8ca482953e316036b3b299') in 0.065385 seconds 
========================================================================
Received Prepare
Registering precompiled user dll's ...
Registered in 0.002894 seconds.
Begin MonoManager ReloadAssembly
Native extension for WindowsStandalone target not found
Refreshing native plugins compatible for Editor in 0.72 ms, found 1 plugins.
Preloading 0 native plugins for Editor in 0.00 ms.
Mono: successfully reloaded assembly
- Completed reload, in  0.933 seconds
Platform modules already initialized, skipping
Shader 'Universal Render Pipeline/Particles/Lit': fallback shader 'Universal Render Pipeline/Particles/SimpleLit' not found
Refreshing native plugins compatible for Editor in 0.74 ms, found 1 plugins.
Preloading 0 native plugins for Editor in 0.00 ms.
Unloading 4110 Unused Serialized files (Serialized files now loaded: 0)
System memory in use before: 254.8 MB.
System memory in use after: 255.0 MB.

Unloading 11 unused Assets to reduce memory usage. Loaded Objects now: 4785.
Total: 3.175900 ms (FindLiveObjects: 0.329000 ms CreateObjectMapping: 0.220600 ms MarkObjects: 2.545300 ms  DeleteObjects: 0.080100 ms)

========================================================================
Received Import Request.
  Time since last request: 70.920978 seconds.
  path: Assets/Animations/Act1/CameraCredits.anim
  artifactKey: Guid(2d79af116d1cb194cbc89feefadaf134) Importer(815301076,1909f56bfc062723c751e8b465ee728b)
Start importing Assets/Animations/Act1/CameraCredits.anim using Guid(2d79af116d1cb194cbc89feefadaf134) Importer(815301076,1909f56bfc062723c751e8b465ee728b)  -> (artifact id: '50d8a890a5e521ed790e0209a106f062') in 0.048080 seconds 
========================================================================
Received Prepare
Registering precompiled user dll's ...
Registered in 0.047387 seconds.
Begin MonoManager ReloadAssembly
Native extension for WindowsStandalone target not found
Refreshing native plugins compatible for Editor in 0.75 ms, found 1 plugins.
Preloading 0 native plugins for Editor in 0.00 ms.
Mono: successfully reloaded assembly
- Completed reload, in 21.574 seconds
Platform modules already initialized, skipping
Shader 'Universal Render Pipeline/Particles/Lit': fallback shader 'Universal Render Pipeline/Particles/SimpleLit' not found
Refreshing native plugins compatible for Editor in 0.93 ms, found 1 plugins.
Preloading 0 native plugins for Editor in 0.00 ms.
Unloading 4110 Unused Serialized files (Serialized files now loaded: 0)
System memory in use before: 254.8 MB.
System memory in use after: 255.0 MB.

Unloading 11 unused Assets to reduce memory usage. Loaded Objects now: 4788.
Total: 52.486200 ms (FindLiveObjects: 0.441200 ms CreateObjectMapping: 0.183800 ms MarkObjects: 51.723400 ms  DeleteObjects: 0.136100 ms)

========================================================================
Received Prepare
Registering precompiled user dll's ...
Registered in 0.119787 seconds.
Begin MonoManager ReloadAssembly
Native extension for WindowsStandalone target not found
Refreshing native plugins compatible for Editor in 1.07 ms, found 1 plugins.
Preloading 0 native plugins for Editor in 0.00 ms.
Mono: successfully reloaded assembly
- Completed reload, in  2.764 seconds
Platform modules already initialized, skipping
Shader 'Universal Render Pipeline/Particles/Lit': fallback shader 'Universal Render Pipeline/Particles/SimpleLit' not found
Refreshing native plugins compatible for Editor in 1.14 ms, found 1 plugins.
Preloading 0 native plugins for Editor in 0.00 ms.
Unloading 4110 Unused Serialized files (Serialized files now loaded: 0)
System memory in use before: 254.8 MB.
System memory in use after: 255.0 MB.

Unloading 11 unused Assets to reduce memory usage. Loaded Objects now: 4791.
Total: 4.288100 ms (FindLiveObjects: 0.529400 ms CreateObjectMapping: 0.264000 ms MarkObjects: 3.361900 ms  DeleteObjects: 0.129900 ms)

========================================================================
Received Prepare
Registering precompiled user dll's ...
Registered in 0.003208 seconds.
Begin MonoManager ReloadAssembly
Native extension for WindowsStandalone target not found
Refreshing native plugins compatible for Editor in 0.80 ms, found 1 plugins.
Preloading 0 native plugins for Editor in 0.00 ms.
Mono: successfully reloaded assembly
- Completed reload, in  1.519 seconds
Platform modules already initialized, skipping
Shader 'Universal Render Pipeline/Particles/Lit': fallback shader 'Universal Render Pipeline/Particles/SimpleLit' not found
Refreshing native plugins compatible for Editor in 0.73 ms, found 1 plugins.
Preloading 0 native plugins for Editor in 0.00 ms.
Unloading 4110 Unused Serialized files (Serialized files now loaded: 0)
System memory in use before: 254.9 MB.
System memory in use after: 255.1 MB.

Unloading 11 unused Assets to reduce memory usage. Loaded Objects now: 4794.
Total: 2.524500 ms (FindLiveObjects: 0.332300 ms CreateObjectMapping: 0.177600 ms MarkObjects: 1.947200 ms  DeleteObjects: 0.066500 ms)

========================================================================
Received Prepare
Registering precompiled user dll's ...
Registered in 0.003032 seconds.
Begin MonoManager ReloadAssembly
Native extension for WindowsStandalone target not found
Refreshing native plugins compatible for Editor in 0.74 ms, found 1 plugins.
Preloading 0 native plugins for Editor in 0.00 ms.
Mono: successfully reloaded assembly
- Completed reload, in  0.905 seconds
Platform modules already initialized, skipping
Shader 'Universal Render Pipeline/Particles/Lit': fallback shader 'Universal Render Pipeline/Particles/SimpleLit' not found
Refreshing native plugins compatible for Editor in 0.72 ms, found 1 plugins.
Preloading 0 native plugins for Editor in 0.00 ms.
Unloading 4110 Unused Serialized files (Serialized files now loaded: 0)
System memory in use before: 254.9 MB.
System memory in use after: 255.1 MB.

Unloading 11 unused Assets to reduce memory usage. Loaded Objects now: 4797.
Total: 6.842400 ms (FindLiveObjects: 0.867900 ms CreateObjectMapping: 0.546000 ms MarkObjects: 5.349200 ms  DeleteObjects: 0.078100 ms)

========================================================================
Received Prepare
Registering precompiled user dll's ...
Registered in 0.003031 seconds.
Begin MonoManager ReloadAssembly
Native extension for WindowsStandalone target not found
Refreshing native plugins compatible for Editor in 0.74 ms, found 1 plugins.
Preloading 0 native plugins for Editor in 0.00 ms.
Mono: successfully reloaded assembly
- Completed reload, in  0.935 seconds
Platform modules already initialized, skipping
Shader 'Universal Render Pipeline/Particles/Lit': fallback shader 'Universal Render Pipeline/Particles/SimpleLit' not found
Refreshing native plugins compatible for Editor in 0.82 ms, found 1 plugins.
Preloading 0 native plugins for Editor in 0.00 ms.
Unloading 4110 Unused Serialized files (Serialized files now loaded: 0)
System memory in use before: 254.9 MB.
System memory in use after: 255.1 MB.

Unloading 11 unused Assets to reduce memory usage. Loaded Objects now: 4800.
Total: 3.231000 ms (FindLiveObjects: 0.399600 ms CreateObjectMapping: 0.373000 ms MarkObjects: 2.380000 ms  DeleteObjects: 0.077000 ms)

========================================================================
Received Prepare
Registering precompiled user dll's ...
Registered in 0.002880 seconds.
Begin MonoManager ReloadAssembly
Native extension for WindowsStandalone target not found
Refreshing native plugins compatible for Editor in 0.78 ms, found 1 plugins.
Preloading 0 native plugins for Editor in 0.00 ms.
Mono: successfully reloaded assembly
- Completed reload, in  1.009 seconds
Platform modules already initialized, skipping
Shader 'Universal Render Pipeline/Particles/Lit': fallback shader 'Universal Render Pipeline/Particles/SimpleLit' not found
Refreshing native plugins compatible for Editor in 0.74 ms, found 1 plugins.
Preloading 0 native plugins for Editor in 0.00 ms.
Unloading 4110 Unused Serialized files (Serialized files now loaded: 0)
System memory in use before: 254.9 MB.
System memory in use after: 255.1 MB.

Unloading 11 unused Assets to reduce memory usage. Loaded Objects now: 4803.
Total: 2.794500 ms (FindLiveObjects: 0.326800 ms CreateObjectMapping: 0.209500 ms MarkObjects: 2.191300 ms  DeleteObjects: 0.066200 ms)

========================================================================
Received Prepare
Registering precompiled user dll's ...
Registered in 0.002960 seconds.
Begin MonoManager ReloadAssembly
Native extension for WindowsStandalone target not found
Refreshing native plugins compatible for Editor in 0.72 ms, found 1 plugins.
Preloading 0 native plugins for Editor in 0.00 ms.
Mono: successfully reloaded assembly
- Completed reload, in  0.984 seconds
Platform modules already initialized, skipping
Shader 'Universal Render Pipeline/Particles/Lit': fallback shader 'Universal Render Pipeline/Particles/SimpleLit' not found
Refreshing native plugins compatible for Editor in 0.72 ms, found 1 plugins.
Preloading 0 native plugins for Editor in 0.00 ms.
Unloading 4110 Unused Serialized files (Serialized files now loaded: 0)
System memory in use before: 254.9 MB.
System memory in use after: 255.1 MB.

Unloading 11 unused Assets to reduce memory usage. Loaded Objects now: 4806.
Total: 5.966400 ms (FindLiveObjects: 0.717000 ms CreateObjectMapping: 0.355300 ms MarkObjects: 4.821600 ms  DeleteObjects: 0.071200 ms)

========================================================================
Received Prepare
Registering precompiled user dll's ...
Registered in 0.003011 seconds.
Begin MonoManager ReloadAssembly
Native extension for WindowsStandalone target not found
Refreshing native plugins compatible for Editor in 0.80 ms, found 1 plugins.
Preloading 0 native plugins for Editor in 0.00 ms.
Mono: successfully reloaded assembly
- Completed reload, in  2.299 seconds
Platform modules already initialized, skipping
Shader 'Universal Render Pipeline/Particles/Lit': fallback shader 'Universal Render Pipeline/Particles/SimpleLit' not found
Refreshing native plugins compatible for Editor in 1.09 ms, found 1 plugins.
Preloading 0 native plugins for Editor in 0.00 ms.
Unloading 4110 Unused Serialized files (Serialized files now loaded: 0)
System memory in use before: 254.9 MB.
System memory in use after: 255.1 MB.

Unloading 11 unused Assets to reduce memory usage. Loaded Objects now: 4809.
Total: 2.971700 ms (FindLiveObjects: 0.376300 ms CreateObjectMapping: 0.252800 ms MarkObjects: 2.250100 ms  DeleteObjects: 0.090700 ms)

========================================================================
Received Import Request.
  Time since last request: 13029.372978 seconds.
  path: Assets/Sounds/Act1
  artifactKey: Guid(0dd8d5dd8f77af0419e8a1aaca518e30) Importer(815301076,1909f56bfc062723c751e8b465ee728b)
Start importing Assets/Sounds/Act1 using Guid(0dd8d5dd8f77af0419e8a1aaca518e30) Importer(815301076,1909f56bfc062723c751e8b465ee728b)  -> (artifact id: 'a6412322f58ebec30f8c8f3ebef645be') in 0.206251 seconds 
========================================================================
Received Import Request.
  Time since last request: 13.258102 seconds.
  path: Assets/Sounds/Act1/C418 - Intro (Minecraft Volume Beta).mp3
  artifactKey: Guid(7af2f3b45d9200c4681595f31f9c596b) Importer(815301076,1909f56bfc062723c751e8b465ee728b)
Start importing Assets/Sounds/Act1/C418 - Intro (Minecraft Volume Beta).mp3 using Guid(7af2f3b45d9200c4681595f31f9c596b) Importer(815301076,1909f56bfc062723c751e8b465ee728b)  -> (artifact id: '3a6a48a820c1ff4f08318708f2694c19') in 2.214261 seconds 
========================================================================
Received Import Request.
  Time since last request: 344.811831 seconds.
  path: Assets/Sounds/Act1/C418 - Intro (Minecraft Volume Beta).mp3
  artifactKey: Guid(7af2f3b45d9200c4681595f31f9c596b) Importer(815301076,1909f56bfc062723c751e8b465ee728b)
Start importing Assets/Sounds/Act1/C418 - Intro (Minecraft Volume Beta).mp3 using Guid(7af2f3b45d9200c4681595f31f9c596b) Importer(815301076,1909f56bfc062723c751e8b465ee728b)  -> (artifact id: '6c0772ea7dec2e397533213cb387e279') in 0.147295 seconds 
========================================================================
Received Prepare
Registering precompiled user dll's ...
Registered in 0.004545 seconds.
Begin MonoManager ReloadAssembly
Native extension for WindowsStandalone target not found
Refreshing native plugins compatible for Editor in 0.72 ms, found 1 plugins.
Preloading 0 native plugins for Editor in 0.00 ms.
Mono: successfully reloaded assembly
- Completed reload, in  1.168 seconds
Platform modules already initialized, skipping
Shader 'Universal Render Pipeline/Particles/Lit': fallback shader 'Universal Render Pipeline/Particles/SimpleLit' not found
Refreshing native plugins compatible for Editor in 0.78 ms, found 1 plugins.
Preloading 0 native plugins for Editor in 0.00 ms.
Unloading 4110 Unused Serialized files (Serialized files now loaded: 0)
System memory in use before: 255.0 MB.
System memory in use after: 255.2 MB.

Unloading 11 unused Assets to reduce memory usage. Loaded Objects now: 4815.
Total: 3.243600 ms (FindLiveObjects: 0.446100 ms CreateObjectMapping: 0.483800 ms MarkObjects: 2.240500 ms  DeleteObjects: 0.072000 ms)

========================================================================
Received Prepare
Registering precompiled user dll's ...
Registered in 0.002895 seconds.
Begin MonoManager ReloadAssembly
Native extension for WindowsStandalone target not found
Refreshing native plugins compatible for Editor in 0.71 ms, found 1 plugins.
Preloading 0 native plugins for Editor in 0.00 ms.
Mono: successfully reloaded assembly
- Completed reload, in  1.200 seconds
Platform modules already initialized, skipping
Shader 'Universal Render Pipeline/Particles/Lit': fallback shader 'Universal Render Pipeline/Particles/SimpleLit' not found
Refreshing native plugins compatible for Editor in 0.73 ms, found 1 plugins.
Preloading 0 native plugins for Editor in 0.00 ms.
Unloading 4110 Unused Serialized files (Serialized files now loaded: 0)
System memory in use before: 255.0 MB.
System memory in use after: 255.2 MB.

Unloading 11 unused Assets to reduce memory usage. Loaded Objects now: 4818.
Total: 3.219200 ms (FindLiveObjects: 0.386100 ms CreateObjectMapping: 0.373200 ms MarkObjects: 2.382700 ms  DeleteObjects: 0.075800 ms)

========================================================================
Received Prepare
Registering precompiled user dll's ...
Registered in 0.043415 seconds.
Begin MonoManager ReloadAssembly
Native extension for WindowsStandalone target not found
Refreshing native plugins compatible for Editor in 0.73 ms, found 1 plugins.
Preloading 0 native plugins for Editor in 0.00 ms.
Mono: successfully reloaded assembly
- Completed reload, in  1.118 seconds
Platform modules already initialized, skipping
Shader 'Universal Render Pipeline/Particles/Lit': fallback shader 'Universal Render Pipeline/Particles/SimpleLit' not found
Refreshing native plugins compatible for Editor in 1.48 ms, found 1 plugins.
Preloading 0 native plugins for Editor in 0.00 ms.
Unloading 4110 Unused Serialized files (Serialized files now loaded: 0)
System memory in use before: 255.0 MB.
System memory in use after: 255.2 MB.

Unloading 11 unused Assets to reduce memory usage. Loaded Objects now: 4821.
Total: 2.876300 ms (FindLiveObjects: 0.366200 ms CreateObjectMapping: 0.264800 ms MarkObjects: 2.175700 ms  DeleteObjects: 0.068500 ms)

========================================================================
Received Import Request.
  Time since last request: 439.417574 seconds.
  path: Assets/Sounds/Act1/C418 - Intro (Minecraft Volume Beta).mp3
  artifactKey: Guid(7af2f3b45d9200c4681595f31f9c596b) Importer(815301076,1909f56bfc062723c751e8b465ee728b)
Start importing Assets/Sounds/Act1/C418 - Intro (Minecraft Volume Beta).mp3 using Guid(7af2f3b45d9200c4681595f31f9c596b) Importer(815301076,1909f56bfc062723c751e8b465ee728b)  -> (artifact id: '71ed65e4758c3b25520f5882944bc977') in 0.185819 seconds 
========================================================================
Received Prepare
Registering precompiled user dll's ...
Registered in 0.002885 seconds.
Begin MonoManager ReloadAssembly
Native extension for WindowsStandalone target not found
Refreshing native plugins compatible for Editor in 0.73 ms, found 1 plugins.
Preloading 0 native plugins for Editor in 0.00 ms.
Mono: successfully reloaded assembly
- Completed reload, in  1.245 seconds
Platform modules already initialized, skipping
Shader 'Universal Render Pipeline/Particles/Lit': fallback shader 'Universal Render Pipeline/Particles/SimpleLit' not found
Refreshing native plugins compatible for Editor in 0.77 ms, found 1 plugins.
Preloading 0 native plugins for Editor in 0.00 ms.
Unloading 4110 Unused Serialized files (Serialized files now loaded: 0)
System memory in use before: 255.0 MB.
System memory in use after: 255.2 MB.

Unloading 11 unused Assets to reduce memory usage. Loaded Objects now: 4825.
Total: 3.349200 ms (FindLiveObjects: 0.384700 ms CreateObjectMapping: 0.397200 ms MarkObjects: 2.485800 ms  DeleteObjects: 0.080400 ms)

========================================================================
Received Import Request.
  Time since last request: 195.370534 seconds.
  path: Assets/Sounds/Act1/C418 - Intro (Minecraft Volume Beta).mp3
  artifactKey: Guid(7af2f3b45d9200c4681595f31f9c596b) Importer(815301076,1909f56bfc062723c751e8b465ee728b)
Start importing Assets/Sounds/Act1/C418 - Intro (Minecraft Volume Beta).mp3 using Guid(7af2f3b45d9200c4681595f31f9c596b) Importer(815301076,1909f56bfc062723c751e8b465ee728b)  -> (artifact id: '287f90d6acabb28fedd0e5df310d4f66') in 0.276776 seconds 
========================================================================
Received Prepare
Registering precompiled user dll's ...
Registered in 0.002854 seconds.
Begin MonoManager ReloadAssembly
Native extension for WindowsStandalone target not found
Refreshing native plugins compatible for Editor in 1.25 ms, found 1 plugins.
Preloading 0 native plugins for Editor in 0.00 ms.
Mono: successfully reloaded assembly
- Completed reload, in  2.805 seconds
Platform modules already initialized, skipping
Shader 'Universal Render Pipeline/Particles/Lit': fallback shader 'Universal Render Pipeline/Particles/SimpleLit' not found
Refreshing native plugins compatible for Editor in 0.73 ms, found 1 plugins.
Preloading 0 native plugins for Editor in 0.00 ms.
Unloading 4110 Unused Serialized files (Serialized files now loaded: 0)
System memory in use before: 255.0 MB.
System memory in use after: 255.2 MB.

Unloading 11 unused Assets to reduce memory usage. Loaded Objects now: 4829.
Total: 3.046900 ms (FindLiveObjects: 0.337500 ms CreateObjectMapping: 0.185600 ms MarkObjects: 2.437700 ms  DeleteObjects: 0.085100 ms)

========================================================================
Received Import Request.
  Time since last request: 61.943207 seconds.
  path: Assets/Sounds/Act1/C418 - Intro (Minecraft Volume Beta).mp3
  artifactKey: Guid(7af2f3b45d9200c4681595f31f9c596b) Importer(815301076,1909f56bfc062723c751e8b465ee728b)
Start importing Assets/Sounds/Act1/C418 - Intro (Minecraft Volume Beta).mp3 using Guid(7af2f3b45d9200c4681595f31f9c596b) Importer(815301076,1909f56bfc062723c751e8b465ee728b)  -> (artifact id: '00f83613bf0dd7d8a2db966685bc000d') in 0.059716 seconds 
========================================================================
Received Prepare
Registering precompiled user dll's ...
Registered in 0.002926 seconds.
Begin MonoManager ReloadAssembly
Native extension for WindowsStandalone target not found
Refreshing native plugins compatible for Editor in 0.72 ms, found 1 plugins.
Preloading 0 native plugins for Editor in 0.00 ms.
Mono: successfully reloaded assembly
- Completed reload, in  1.010 seconds
Platform modules already initialized, skipping
Shader 'Universal Render Pipeline/Particles/Lit': fallback shader 'Universal Render Pipeline/Particles/SimpleLit' not found
Refreshing native plugins compatible for Editor in 0.75 ms, found 1 plugins.
Preloading 0 native plugins for Editor in 0.00 ms.
Unloading 4110 Unused Serialized files (Serialized files now loaded: 0)
System memory in use before: 255.0 MB.
System memory in use after: 255.2 MB.

Unloading 11 unused Assets to reduce memory usage. Loaded Objects now: 4833.
Total: 2.847700 ms (FindLiveObjects: 0.352700 ms CreateObjectMapping: 0.215300 ms MarkObjects: 2.202600 ms  DeleteObjects: 0.076100 ms)

========================================================================
Received Prepare
Registering precompiled user dll's ...
Registered in 0.004781 seconds.
Begin MonoManager ReloadAssembly
Native extension for WindowsStandalone target not found
Refreshing native plugins compatible for Editor in 0.73 ms, found 1 plugins.
Preloading 0 native plugins for Editor in 0.00 ms.
Mono: successfully reloaded assembly
- Completed reload, in  0.990 seconds
Platform modules already initialized, skipping
Shader 'Universal Render Pipeline/Particles/Lit': fallback shader 'Universal Render Pipeline/Particles/SimpleLit' not found
Refreshing native plugins compatible for Editor in 0.75 ms, found 1 plugins.
Preloading 0 native plugins for Editor in 0.00 ms.
Unloading 4110 Unused Serialized files (Serialized files now loaded: 0)
System memory in use before: 255.0 MB.
System memory in use after: 255.2 MB.

Unloading 11 unused Assets to reduce memory usage. Loaded Objects now: 4836.
Total: 3.225900 ms (FindLiveObjects: 0.402600 ms CreateObjectMapping: 0.356600 ms MarkObjects: 2.390800 ms  DeleteObjects: 0.074900 ms)

========================================================================
Received Prepare
Registering precompiled user dll's ...
Registered in 0.002921 seconds.
Begin MonoManager ReloadAssembly
Native extension for WindowsStandalone target not found
Refreshing native plugins compatible for Editor in 0.72 ms, found 1 plugins.
Preloading 0 native plugins for Editor in 0.00 ms.
Mono: successfully reloaded assembly
- Completed reload, in  0.950 seconds
Platform modules already initialized, skipping
Shader 'Universal Render Pipeline/Particles/Lit': fallback shader 'Universal Render Pipeline/Particles/SimpleLit' not found
Refreshing native plugins compatible for Editor in 0.78 ms, found 1 plugins.
Preloading 0 native plugins for Editor in 0.00 ms.
Unloading 4110 Unused Serialized files (Serialized files now loaded: 0)
System memory in use before: 255.0 MB.
System memory in use after: 255.2 MB.

Unloading 11 unused Assets to reduce memory usage. Loaded Objects now: 4839.
Total: 3.615500 ms (FindLiveObjects: 0.440700 ms CreateObjectMapping: 0.355100 ms MarkObjects: 2.753700 ms  DeleteObjects: 0.065100 ms)

========================================================================
Received Prepare
Registering precompiled user dll's ...
Registered in 0.002902 seconds.
Begin MonoManager ReloadAssembly
Native extension for WindowsStandalone target not found
Refreshing native plugins compatible for Editor in 0.79 ms, found 1 plugins.
Preloading 0 native plugins for Editor in 0.00 ms.
Mono: successfully reloaded assembly
- Completed reload, in  1.076 seconds
Platform modules already initialized, skipping
Shader 'Universal Render Pipeline/Particles/Lit': fallback shader 'Universal Render Pipeline/Particles/SimpleLit' not found
Refreshing native plugins compatible for Editor in 0.74 ms, found 1 plugins.
Preloading 0 native plugins for Editor in 0.00 ms.
Unloading 4110 Unused Serialized files (Serialized files now loaded: 0)
System memory in use before: 255.0 MB.
System memory in use after: 255.2 MB.

Unloading 11 unused Assets to reduce memory usage. Loaded Objects now: 4842.
Total: 23.454100 ms (FindLiveObjects: 0.330600 ms CreateObjectMapping: 0.247100 ms MarkObjects: 22.785100 ms  DeleteObjects: 0.089600 ms)

========================================================================
Received Prepare
Registering precompiled user dll's ...
Registered in 0.003298 seconds.
Begin MonoManager ReloadAssembly
Native extension for WindowsStandalone target not found
Refreshing native plugins compatible for Editor in 0.71 ms, found 1 plugins.
Preloading 0 native plugins for Editor in 0.00 ms.
Mono: successfully reloaded assembly
- Completed reload, in  1.297 seconds
Platform modules already initialized, skipping
Shader 'Universal Render Pipeline/Particles/Lit': fallback shader 'Universal Render Pipeline/Particles/SimpleLit' not found
Refreshing native plugins compatible for Editor in 0.75 ms, found 1 plugins.
Preloading 0 native plugins for Editor in 0.00 ms.
Unloading 4110 Unused Serialized files (Serialized files now loaded: 0)
System memory in use before: 255.0 MB.
System memory in use after: 255.2 MB.

Unloading 11 unused Assets to reduce memory usage. Loaded Objects now: 4845.
Total: 5.349600 ms (FindLiveObjects: 0.570900 ms CreateObjectMapping: 0.433200 ms MarkObjects: 4.238900 ms  DeleteObjects: 0.104300 ms)

========================================================================
Received Prepare
Registering precompiled user dll's ...
Registered in 0.003116 seconds.
Begin MonoManager ReloadAssembly
Native extension for WindowsStandalone target not found
Refreshing native plugins compatible for Editor in 0.72 ms, found 1 plugins.
Preloading 0 native plugins for Editor in 0.00 ms.
Mono: successfully reloaded assembly
- Completed reload, in  0.970 seconds
Platform modules already initialized, skipping
Shader 'Universal Render Pipeline/Particles/Lit': fallback shader 'Universal Render Pipeline/Particles/SimpleLit' not found
Refreshing native plugins compatible for Editor in 0.81 ms, found 1 plugins.
Preloading 0 native plugins for Editor in 0.00 ms.
Unloading 4110 Unused Serialized files (Serialized files now loaded: 0)
System memory in use before: 255.1 MB.
System memory in use after: 255.2 MB.

Unloading 11 unused Assets to reduce memory usage. Loaded Objects now: 4848.
Total: 3.309600 ms (FindLiveObjects: 0.447600 ms CreateObjectMapping: 0.439400 ms MarkObjects: 2.354000 ms  DeleteObjects: 0.067800 ms)

========================================================================
Received Prepare
Registering precompiled user dll's ...
Registered in 0.004618 seconds.
Begin MonoManager ReloadAssembly
Native extension for WindowsStandalone target not found
Refreshing native plugins compatible for Editor in 0.74 ms, found 1 plugins.
Preloading 0 native plugins for Editor in 0.00 ms.
Mono: successfully reloaded assembly
- Completed reload, in  0.965 seconds
Platform modules already initialized, skipping
Shader 'Universal Render Pipeline/Particles/Lit': fallback shader 'Universal Render Pipeline/Particles/SimpleLit' not found
Refreshing native plugins compatible for Editor in 0.76 ms, found 1 plugins.
Preloading 0 native plugins for Editor in 0.00 ms.
Unloading 4110 Unused Serialized files (Serialized files now loaded: 0)
System memory in use before: 255.1 MB.
System memory in use after: 255.3 MB.

Unloading 11 unused Assets to reduce memory usage. Loaded Objects now: 4851.
Total: 2.994000 ms (FindLiveObjects: 0.529900 ms CreateObjectMapping: 0.236200 ms MarkObjects: 2.160700 ms  DeleteObjects: 0.066300 ms)

========================================================================
Received Import Request.
  Time since last request: 1635.098226 seconds.
  path: Assets/Animations/Act1/MC/Walking.anim
  artifactKey: Guid(5b2078133a432c144a1a61470eb85993) Importer(815301076,1909f56bfc062723c751e8b465ee728b)
Start importing Assets/Animations/Act1/MC/Walking.anim using Guid(5b2078133a432c144a1a61470eb85993) Importer(815301076,1909f56bfc062723c751e8b465ee728b)  -> (artifact id: 'e04c4f4b2d252a8923f9c07c85b6aa22') in 0.124534 seconds 
========================================================================
Received Import Request.
  Time since last request: 0.842127 seconds.
  path: Assets/Animations/Act1/MC/Idle.anim
  artifactKey: Guid(f9e32a324df443c449f772194bee8a1d) Importer(815301076,1909f56bfc062723c751e8b465ee728b)
Start importing Assets/Animations/Act1/MC/Idle.anim using Guid(f9e32a324df443c449f772194bee8a1d) Importer(815301076,1909f56bfc062723c751e8b465ee728b)  -> (artifact id: '230b2f1d11d0c2c07c4dabec90d71a4f') in 0.005861 seconds 
========================================================================
Received Import Request.
  Time since last request: 26.684033 seconds.
  path: Assets/Scripts/Act1
  artifactKey: Guid(633e2847f5e171444a14dab48fa9ecad) Importer(815301076,1909f56bfc062723c751e8b465ee728b)
Start importing Assets/Scripts/Act1 using Guid(633e2847f5e171444a14dab48fa9ecad) Importer(815301076,1909f56bfc062723c751e8b465ee728b)  -> (artifact id: '4b3a3bb1e2b929214e8ea46c9e51b549') in 0.004067 seconds 
========================================================================
Received Import Request.
  Time since last request: 5.995662 seconds.
  path: Assets/Scripts/MCController.cs
  artifactKey: Guid(1e45df23ef558ab419e3f19a54184b5d) Importer(815301076,1909f56bfc062723c751e8b465ee728b)
Start importing Assets/Scripts/MCController.cs using Guid(1e45df23ef558ab419e3f19a54184b5d) Importer(815301076,1909f56bfc062723c751e8b465ee728b)  -> (artifact id: '983eb0ed3389ec9d1c3e1bfbc0b105bb') in 1.100286 seconds 
========================================================================
Received Prepare
Registering precompiled user dll's ...
Registered in 0.004137 seconds.
Begin MonoManager ReloadAssembly
Native extension for WindowsStandalone target not found
Refreshing native plugins compatible for Editor in 0.74 ms, found 1 plugins.
Preloading 0 native plugins for Editor in 0.00 ms.
Mono: successfully reloaded assembly
- Completed reload, in  1.013 seconds
Platform modules already initialized, skipping
Shader 'Universal Render Pipeline/Particles/Lit': fallback shader 'Universal Render Pipeline/Particles/SimpleLit' not found
Refreshing native plugins compatible for Editor in 0.78 ms, found 1 plugins.
Preloading 0 native plugins for Editor in 0.00 ms.
Unloading 4110 Unused Serialized files (Serialized files now loaded: 0)
System memory in use before: 255.1 MB.
System memory in use after: 255.3 MB.

Unloading 11 unused Assets to reduce memory usage. Loaded Objects now: 4854.
Total: 3.925400 ms (FindLiveObjects: 0.426200 ms CreateObjectMapping: 0.372100 ms MarkObjects: 3.032600 ms  DeleteObjects: 0.093300 ms)

========================================================================
Received Import Request.
  Time since last request: 22.954290 seconds.
  path: Assets/Scripts/Act1/Act1MCC.cs
  artifactKey: Guid(2955e9769d4e91c4f894de5348f52c23) Importer(815301076,1909f56bfc062723c751e8b465ee728b)
Start importing Assets/Scripts/Act1/Act1MCC.cs using Guid(2955e9769d4e91c4f894de5348f52c23) Importer(815301076,1909f56bfc062723c751e8b465ee728b)  -> (artifact id: '62d6ffc0ec18b927e8630bb6d63e3885') in 0.027349 seconds 
========================================================================
Received Prepare
Registering precompiled user dll's ...
Registered in 0.002910 seconds.
Begin MonoManager ReloadAssembly
Native extension for WindowsStandalone target not found
Refreshing native plugins compatible for Editor in 1.00 ms, found 1 plugins.
Preloading 0 native plugins for Editor in 0.00 ms.
Mono: successfully reloaded assembly
- Completed reload, in  0.947 seconds
Platform modules already initialized, skipping
Shader 'Universal Render Pipeline/Particles/Lit': fallback shader 'Universal Render Pipeline/Particles/SimpleLit' not found
Refreshing native plugins compatible for Editor in 0.77 ms, found 1 plugins.
Preloading 0 native plugins for Editor in 0.00 ms.
Unloading 4111 Unused Serialized files (Serialized files now loaded: 0)
System memory in use before: 255.1 MB.
System memory in use after: 255.3 MB.

Unloading 11 unused Assets to reduce memory usage. Loaded Objects now: 4858.
Total: 3.127300 ms (FindLiveObjects: 0.343400 ms CreateObjectMapping: 0.199600 ms MarkObjects: 2.484800 ms  DeleteObjects: 0.098400 ms)

========================================================================
Received Prepare
Registering precompiled user dll's ...
Registered in 0.002879 seconds.
Begin MonoManager ReloadAssembly
Native extension for WindowsStandalone target not found
Refreshing native plugins compatible for Editor in 0.79 ms, found 1 plugins.
Preloading 0 native plugins for Editor in 0.00 ms.
Mono: successfully reloaded assembly
- Completed reload, in  0.959 seconds
Platform modules already initialized, skipping
Shader 'Universal Render Pipeline/Particles/Lit': fallback shader 'Universal Render Pipeline/Particles/SimpleLit' not found
Refreshing native plugins compatible for Editor in 0.74 ms, found 1 plugins.
Preloading 0 native plugins for Editor in 0.00 ms.
Unloading 4111 Unused Serialized files (Serialized files now loaded: 0)
System memory in use before: 255.1 MB.
System memory in use after: 255.3 MB.

Unloading 11 unused Assets to reduce memory usage. Loaded Objects now: 4861.
Total: 3.360300 ms (FindLiveObjects: 0.529900 ms CreateObjectMapping: 0.421700 ms MarkObjects: 2.331500 ms  DeleteObjects: 0.076100 ms)

========================================================================
Received Import Request.
  Time since last request: 285.817861 seconds.
  path: Assets/Scripts/Act1/Act1MCC.cs
  artifactKey: Guid(2955e9769d4e91c4f894de5348f52c23) Importer(815301076,1909f56bfc062723c751e8b465ee728b)
Start importing Assets/Scripts/Act1/Act1MCC.cs using Guid(2955e9769d4e91c4f894de5348f52c23) Importer(815301076,1909f56bfc062723c751e8b465ee728b)  -> (artifact id: '44abe670bd907312d6a27bad806c1b71') in 0.025280 seconds 
========================================================================
Received Prepare
Registering precompiled user dll's ...
Registered in 0.002970 seconds.
Begin MonoManager ReloadAssembly
Native extension for WindowsStandalone target not found
Refreshing native plugins compatible for Editor in 0.74 ms, found 1 plugins.
Preloading 0 native plugins for Editor in 0.00 ms.
Mono: successfully reloaded assembly
- Completed reload, in  1.321 seconds
Platform modules already initialized, skipping
Shader 'Universal Render Pipeline/Particles/Lit': fallback shader 'Universal Render Pipeline/Particles/SimpleLit' not found
Refreshing native plugins compatible for Editor in 0.73 ms, found 1 plugins.
Preloading 0 native plugins for Editor in 0.00 ms.
Unloading 4111 Unused Serialized files (Serialized files now loaded: 0)
System memory in use before: 255.1 MB.
System memory in use after: 255.3 MB.

Unloading 11 unused Assets to reduce memory usage. Loaded Objects now: 4864.
Total: 3.781400 ms (FindLiveObjects: 0.893400 ms CreateObjectMapping: 0.604800 ms MarkObjects: 2.214600 ms  DeleteObjects: 0.067400 ms)

========================================================================
Received Prepare
Registering precompiled user dll's ...
Registered in 0.002847 seconds.
Begin MonoManager ReloadAssembly
Native extension for WindowsStandalone target not found
Refreshing native plugins compatible for Editor in 1.34 ms, found 1 plugins.
Preloading 0 native plugins for Editor in 0.00 ms.
Mono: successfully reloaded assembly
- Completed reload, in  1.028 seconds
Platform modules already initialized, skipping
Shader 'Universal Render Pipeline/Particles/Lit': fallback shader 'Universal Render Pipeline/Particles/SimpleLit' not found
Refreshing native plugins compatible for Editor in 1.34 ms, found 1 plugins.
Preloading 0 native plugins for Editor in 0.00 ms.
Unloading 4111 Unused Serialized files (Serialized files now loaded: 0)
System memory in use before: 255.1 MB.
System memory in use after: 255.3 MB.

Unloading 11 unused Assets to reduce memory usage. Loaded Objects now: 4867.
Total: 3.066200 ms (FindLiveObjects: 0.374000 ms CreateObjectMapping: 0.231600 ms MarkObjects: 2.390800 ms  DeleteObjects: 0.068700 ms)

========================================================================
Received Prepare
Registering precompiled user dll's ...
Registered in 0.003278 seconds.
Begin MonoManager ReloadAssembly
Native extension for WindowsStandalone target not found
Refreshing native plugins compatible for Editor in 1.20 ms, found 1 plugins.
Preloading 0 native plugins for Editor in 0.00 ms.
Mono: successfully reloaded assembly
- Completed reload, in  0.930 seconds
Platform modules already initialized, skipping
Shader 'Universal Render Pipeline/Particles/Lit': fallback shader 'Universal Render Pipeline/Particles/SimpleLit' not found
Refreshing native plugins compatible for Editor in 1.16 ms, found 1 plugins.
Preloading 0 native plugins for Editor in 0.00 ms.
Unloading 4111 Unused Serialized files (Serialized files now loaded: 0)
System memory in use before: 255.1 MB.
System memory in use after: 255.3 MB.

Unloading 11 unused Assets to reduce memory usage. Loaded Objects now: 4870.
Total: 2.871100 ms (FindLiveObjects: 0.362700 ms CreateObjectMapping: 0.213200 ms MarkObjects: 2.215300 ms  DeleteObjects: 0.079100 ms)

========================================================================
Received Prepare
Registering precompiled user dll's ...
Registered in 0.002961 seconds.
Begin MonoManager ReloadAssembly
Native extension for WindowsStandalone target not found
Refreshing native plugins compatible for Editor in 0.72 ms, found 1 plugins.
Preloading 0 native plugins for Editor in 0.00 ms.
Mono: successfully reloaded assembly
- Completed reload, in  0.932 seconds
Platform modules already initialized, skipping
Shader 'Universal Render Pipeline/Particles/Lit': fallback shader 'Universal Render Pipeline/Particles/SimpleLit' not found
Refreshing native plugins compatible for Editor in 0.72 ms, found 1 plugins.
Preloading 0 native plugins for Editor in 0.00 ms.
Unloading 4111 Unused Serialized files (Serialized files now loaded: 0)
System memory in use before: 255.1 MB.
System memory in use after: 255.3 MB.

Unloading 11 unused Assets to reduce memory usage. Loaded Objects now: 4873.
Total: 3.335400 ms (FindLiveObjects: 0.435900 ms CreateObjectMapping: 0.395500 ms MarkObjects: 2.422800 ms  DeleteObjects: 0.080500 ms)

========================================================================
Received Prepare
Registering precompiled user dll's ...
Registered in 0.002992 seconds.
Begin MonoManager ReloadAssembly
Native extension for WindowsStandalone target not found
Refreshing native plugins compatible for Editor in 0.74 ms, found 1 plugins.
Preloading 0 native plugins for Editor in 0.00 ms.
Mono: successfully reloaded assembly
- Completed reload, in  0.968 seconds
Platform modules already initialized, skipping
Shader 'Universal Render Pipeline/Particles/Lit': fallback shader 'Universal Render Pipeline/Particles/SimpleLit' not found
Refreshing native plugins compatible for Editor in 0.81 ms, found 1 plugins.
Preloading 0 native plugins for Editor in 0.00 ms.
Unloading 4111 Unused Serialized files (Serialized files now loaded: 0)
System memory in use before: 255.2 MB.
System memory in use after: 255.3 MB.

Unloading 11 unused Assets to reduce memory usage. Loaded Objects now: 4876.
Total: 3.478700 ms (FindLiveObjects: 0.390600 ms CreateObjectMapping: 0.220900 ms MarkObjects: 2.787400 ms  DeleteObjects: 0.079000 ms)

========================================================================
Received Prepare
Registering precompiled user dll's ...
Registered in 0.002944 seconds.
Begin MonoManager ReloadAssembly
Native extension for WindowsStandalone target not found
Refreshing native plugins compatible for Editor in 0.71 ms, found 1 plugins.
Preloading 0 native plugins for Editor in 0.00 ms.
Mono: successfully reloaded assembly
- Completed reload, in  0.921 seconds
Platform modules already initialized, skipping
Shader 'Universal Render Pipeline/Particles/Lit': fallback shader 'Universal Render Pipeline/Particles/SimpleLit' not found
Refreshing native plugins compatible for Editor in 0.74 ms, found 1 plugins.
Preloading 0 native plugins for Editor in 0.00 ms.
Unloading 4111 Unused Serialized files (Serialized files now loaded: 0)
System memory in use before: 255.2 MB.
System memory in use after: 255.4 MB.

Unloading 11 unused Assets to reduce memory usage. Loaded Objects now: 4879.
Total: 3.787200 ms (FindLiveObjects: 0.609900 ms CreateObjectMapping: 0.404400 ms MarkObjects: 2.681600 ms  DeleteObjects: 0.089400 ms)

========================================================================
Received Prepare
Registering precompiled user dll's ...
Registered in 0.002929 seconds.
Begin MonoManager ReloadAssembly
Native extension for WindowsStandalone target not found
Refreshing native plugins compatible for Editor in 0.76 ms, found 1 plugins.
Preloading 0 native plugins for Editor in 0.00 ms.
Mono: successfully reloaded assembly
- Completed reload, in  0.959 seconds
Platform modules already initialized, skipping
Shader 'Universal Render Pipeline/Particles/Lit': fallback shader 'Universal Render Pipeline/Particles/SimpleLit' not found
Refreshing native plugins compatible for Editor in 1.14 ms, found 1 plugins.
Preloading 0 native plugins for Editor in 0.00 ms.
Unloading 4111 Unused Serialized files (Serialized files now loaded: 0)
System memory in use before: 255.2 MB.
System memory in use after: 255.4 MB.

Unloading 11 unused Assets to reduce memory usage. Loaded Objects now: 4882.
Total: 3.907300 ms (FindLiveObjects: 0.745300 ms CreateObjectMapping: 0.448900 ms MarkObjects: 2.629300 ms  DeleteObjects: 0.082100 ms)

========================================================================
Received Prepare
Registering precompiled user dll's ...
Registered in 0.003000 seconds.
Begin MonoManager ReloadAssembly
Native extension for WindowsStandalone target not found
Refreshing native plugins compatible for Editor in 0.82 ms, found 1 plugins.
Preloading 0 native plugins for Editor in 0.00 ms.
Mono: successfully reloaded assembly
- Completed reload, in  0.928 seconds
Platform modules already initialized, skipping
Shader 'Universal Render Pipeline/Particles/Lit': fallback shader 'Universal Render Pipeline/Particles/SimpleLit' not found
Refreshing native plugins compatible for Editor in 0.75 ms, found 1 plugins.
Preloading 0 native plugins for Editor in 0.00 ms.
Unloading 4111 Unused Serialized files (Serialized files now loaded: 0)
System memory in use before: 255.2 MB.
System memory in use after: 255.4 MB.

Unloading 11 unused Assets to reduce memory usage. Loaded Objects now: 4885.
Total: 3.833200 ms (FindLiveObjects: 0.527400 ms CreateObjectMapping: 0.327700 ms MarkObjects: 2.883500 ms  DeleteObjects: 0.093500 ms)

========================================================================
Received Prepare
Registering precompiled user dll's ...
Registered in 0.003388 seconds.
Begin MonoManager ReloadAssembly
Native extension for WindowsStandalone target not found
Refreshing native plugins compatible for Editor in 0.74 ms, found 1 plugins.
Preloading 0 native plugins for Editor in 0.00 ms.
Mono: successfully reloaded assembly
- Completed reload, in  1.033 seconds
Platform modules already initialized, skipping
Shader 'Universal Render Pipeline/Particles/Lit': fallback shader 'Universal Render Pipeline/Particles/SimpleLit' not found
Refreshing native plugins compatible for Editor in 0.81 ms, found 1 plugins.
Preloading 0 native plugins for Editor in 0.00 ms.
Unloading 4111 Unused Serialized files (Serialized files now loaded: 0)
System memory in use before: 255.2 MB.
System memory in use after: 255.4 MB.

Unloading 11 unused Assets to reduce memory usage. Loaded Objects now: 4888.
Total: 5.063700 ms (FindLiveObjects: 0.584800 ms CreateObjectMapping: 0.473700 ms MarkObjects: 3.889800 ms  DeleteObjects: 0.113600 ms)

========================================================================
Received Prepare
Registering precompiled user dll's ...
Registered in 0.002922 seconds.
Begin MonoManager ReloadAssembly
Native extension for WindowsStandalone target not found
Refreshing native plugins compatible for Editor in 0.90 ms, found 1 plugins.
Preloading 0 native plugins for Editor in 0.00 ms.
Mono: successfully reloaded assembly
- Completed reload, in  1.042 seconds
Platform modules already initialized, skipping
Shader 'Universal Render Pipeline/Particles/Lit': fallback shader 'Universal Render Pipeline/Particles/SimpleLit' not found
Refreshing native plugins compatible for Editor in 0.74 ms, found 1 plugins.
Preloading 0 native plugins for Editor in 0.00 ms.
Unloading 4111 Unused Serialized files (Serialized files now loaded: 0)
System memory in use before: 255.2 MB.
System memory in use after: 255.4 MB.

Unloading 11 unused Assets to reduce memory usage. Loaded Objects now: 4891.
Total: 3.040400 ms (FindLiveObjects: 0.390600 ms CreateObjectMapping: 0.247500 ms MarkObjects: 2.332800 ms  DeleteObjects: 0.068700 ms)

========================================================================
Received Prepare
Registering precompiled user dll's ...
Registered in 0.002936 seconds.
Begin MonoManager ReloadAssembly
Native extension for WindowsStandalone target not found
Refreshing native plugins compatible for Editor in 0.73 ms, found 1 plugins.
Preloading 0 native plugins for Editor in 0.00 ms.
Mono: successfully reloaded assembly
- Completed reload, in  0.914 seconds
Platform modules already initialized, skipping
Shader 'Universal Render Pipeline/Particles/Lit': fallback shader 'Universal Render Pipeline/Particles/SimpleLit' not found
Refreshing native plugins compatible for Editor in 0.89 ms, found 1 plugins.
Preloading 0 native plugins for Editor in 0.00 ms.
Unloading 4111 Unused Serialized files (Serialized files now loaded: 0)
System memory in use before: 255.2 MB.
System memory in use after: 255.4 MB.

Unloading 11 unused Assets to reduce memory usage. Loaded Objects now: 4894.
Total: 3.084100 ms (FindLiveObjects: 0.346700 ms CreateObjectMapping: 0.252300 ms MarkObjects: 2.417300 ms  DeleteObjects: 0.066200 ms)

========================================================================
Received Prepare
Registering precompiled user dll's ...
Registered in 0.038166 seconds.
Begin MonoManager ReloadAssembly
Native extension for WindowsStandalone target not found
Refreshing native plugins compatible for Editor in 0.71 ms, found 1 plugins.
Preloading 0 native plugins for Editor in 0.00 ms.
Mono: successfully reloaded assembly
- Completed reload, in  4.499 seconds
Platform modules already initialized, skipping
Shader 'Universal Render Pipeline/Particles/Lit': fallback shader 'Universal Render Pipeline/Particles/SimpleLit' not found
Refreshing native plugins compatible for Editor in 0.80 ms, found 1 plugins.
Preloading 0 native plugins for Editor in 0.00 ms.
Unloading 4111 Unused Serialized files (Serialized files now loaded: 0)
System memory in use before: 255.2 MB.
System memory in use after: 255.4 MB.

Unloading 11 unused Assets to reduce memory usage. Loaded Objects now: 4897.
Total: 90.808400 ms (FindLiveObjects: 0.475800 ms CreateObjectMapping: 0.269900 ms MarkObjects: 89.830800 ms  DeleteObjects: 0.229800 ms)

========================================================================
Received Prepare
Registering precompiled user dll's ...
Registered in 0.003431 seconds.
Begin MonoManager ReloadAssembly
Native extension for WindowsStandalone target not found
Refreshing native plugins compatible for Editor in 1.61 ms, found 1 plugins.
Preloading 0 native plugins for Editor in 0.00 ms.
Mono: successfully reloaded assembly
- Completed reload, in  1.166 seconds
Platform modules already initialized, skipping
Shader 'Universal Render Pipeline/Particles/Lit': fallback shader 'Universal Render Pipeline/Particles/SimpleLit' not found
Refreshing native plugins compatible for Editor in 0.74 ms, found 1 plugins.
Preloading 0 native plugins for Editor in 0.00 ms.
Unloading 4111 Unused Serialized files (Serialized files now loaded: 0)
System memory in use before: 255.2 MB.
System memory in use after: 255.4 MB.

Unloading 11 unused Assets to reduce memory usage. Loaded Objects now: 4900.
Total: 3.551700 ms (FindLiveObjects: 0.460600 ms CreateObjectMapping: 0.304400 ms MarkObjects: 2.706300 ms  DeleteObjects: 0.078700 ms)

========================================================================
Received Prepare
Registering precompiled user dll's ...
Registered in 0.002888 seconds.
Begin MonoManager ReloadAssembly
Native extension for WindowsStandalone target not found
Refreshing native plugins compatible for Editor in 1.17 ms, found 1 plugins.
Preloading 0 native plugins for Editor in 0.00 ms.
Mono: successfully reloaded assembly
- Completed reload, in  1.086 seconds
Platform modules already initialized, skipping
Shader 'Universal Render Pipeline/Particles/Lit': fallback shader 'Universal Render Pipeline/Particles/SimpleLit' not found
Refreshing native plugins compatible for Editor in 0.84 ms, found 1 plugins.
Preloading 0 native plugins for Editor in 0.00 ms.
Unloading 4111 Unused Serialized files (Serialized files now loaded: 0)
System memory in use before: 255.2 MB.
System memory in use after: 255.4 MB.

Unloading 11 unused Assets to reduce memory usage. Loaded Objects now: 4903.
Total: 7.938600 ms (FindLiveObjects: 0.782800 ms CreateObjectMapping: 0.627000 ms MarkObjects: 6.403400 ms  DeleteObjects: 0.123200 ms)

========================================================================
Received Prepare
Registering precompiled user dll's ...
Registered in 0.003082 seconds.
Begin MonoManager ReloadAssembly
Native extension for WindowsStandalone target not found
Refreshing native plugins compatible for Editor in 0.80 ms, found 1 plugins.
Preloading 0 native plugins for Editor in 0.00 ms.
Mono: successfully reloaded assembly
- Completed reload, in  1.621 seconds
Platform modules already initialized, skipping
Shader 'Universal Render Pipeline/Particles/Lit': fallback shader 'Universal Render Pipeline/Particles/SimpleLit' not found
Refreshing native plugins compatible for Editor in 0.79 ms, found 1 plugins.
Preloading 0 native plugins for Editor in 0.00 ms.
Unloading 4111 Unused Serialized files (Serialized files now loaded: 0)
System memory in use before: 255.2 MB.
System memory in use after: 255.4 MB.

Unloading 11 unused Assets to reduce memory usage. Loaded Objects now: 4906.
Total: 3.245300 ms (FindLiveObjects: 0.374500 ms CreateObjectMapping: 0.229500 ms MarkObjects: 2.560100 ms  DeleteObjects: 0.080000 ms)

========================================================================
Received Prepare
Registering precompiled user dll's ...
Registered in 0.026465 seconds.
Begin MonoManager ReloadAssembly
Native extension for WindowsStandalone target not found
Refreshing native plugins compatible for Editor in 0.78 ms, found 1 plugins.
Preloading 0 native plugins for Editor in 0.00 ms.
Mono: successfully reloaded assembly
- Completed reload, in  6.218 seconds
Platform modules already initialized, skipping
Shader 'Universal Render Pipeline/Particles/Lit': fallback shader 'Universal Render Pipeline/Particles/SimpleLit' not found
Refreshing native plugins compatible for Editor in 1.06 ms, found 1 plugins.
Preloading 0 native plugins for Editor in 0.00 ms.
Unloading 4111 Unused Serialized files (Serialized files now loaded: 0)
System memory in use before: 255.3 MB.
System memory in use after: 255.5 MB.

Unloading 11 unused Assets to reduce memory usage. Loaded Objects now: 4909.
Total: 127.671100 ms (FindLiveObjects: 0.700100 ms CreateObjectMapping: 0.296700 ms MarkObjects: 126.521400 ms  DeleteObjects: 0.147200 ms)

========================================================================
Received Prepare
Registering precompiled user dll's ...
Registered in 0.004578 seconds.
Begin MonoManager ReloadAssembly
Native extension for WindowsStandalone target not found
Refreshing native plugins compatible for Editor in 0.87 ms, found 1 plugins.
Preloading 0 native plugins for Editor in 0.00 ms.
Mono: successfully reloaded assembly
- Completed reload, in  4.847 seconds
Platform modules already initialized, skipping
Shader 'Universal Render Pipeline/Particles/Lit': fallback shader 'Universal Render Pipeline/Particles/SimpleLit' not found
Refreshing native plugins compatible for Editor in 0.80 ms, found 1 plugins.
Preloading 0 native plugins for Editor in 0.00 ms.
Unloading 4111 Unused Serialized files (Serialized files now loaded: 0)
System memory in use before: 255.3 MB.
System memory in use after: 255.5 MB.

Unloading 11 unused Assets to reduce memory usage. Loaded Objects now: 4912.
Total: 212.589100 ms (FindLiveObjects: 0.331900 ms CreateObjectMapping: 0.202700 ms MarkObjects: 202.026500 ms  DeleteObjects: 10.025900 ms)

========================================================================
Received Prepare
Registering precompiled user dll's ...
Registered in 0.104682 seconds.
Begin MonoManager ReloadAssembly
Native extension for WindowsStandalone target not found
Refreshing native plugins compatible for Editor in 0.85 ms, found 1 plugins.
Preloading 0 native plugins for Editor in 0.00 ms.
Mono: successfully reloaded assembly
- Completed reload, in  3.711 seconds
Platform modules already initialized, skipping
Shader 'Universal Render Pipeline/Particles/Lit': fallback shader 'Universal Render Pipeline/Particles/SimpleLit' not found
Refreshing native plugins compatible for Editor in 0.80 ms, found 1 plugins.
Preloading 0 native plugins for Editor in 0.00 ms.
Unloading 4111 Unused Serialized files (Serialized files now loaded: 0)
System memory in use before: 255.3 MB.
System memory in use after: 255.5 MB.

Unloading 11 unused Assets to reduce memory usage. Loaded Objects now: 4915.
Total: 50.580600 ms (FindLiveObjects: 0.823800 ms CreateObjectMapping: 0.384800 ms MarkObjects: 49.246900 ms  DeleteObjects: 0.122400 ms)

========================================================================
Received Prepare
Registering precompiled user dll's ...
Registered in 0.004078 seconds.
Begin MonoManager ReloadAssembly
Native extension for WindowsStandalone target not found
Refreshing native plugins compatible for Editor in 0.99 ms, found 1 plugins.
Preloading 0 native plugins for Editor in 0.00 ms.
Mono: successfully reloaded assembly
- Completed reload, in  3.472 seconds
Platform modules already initialized, skipping
Shader 'Universal Render Pipeline/Particles/Lit': fallback shader 'Universal Render Pipeline/Particles/SimpleLit' not found
Refreshing native plugins compatible for Editor in 0.78 ms, found 1 plugins.
Preloading 0 native plugins for Editor in 0.00 ms.
Unloading 4111 Unused Serialized files (Serialized files now loaded: 0)
System memory in use before: 255.3 MB.
System memory in use after: 255.5 MB.

Unloading 11 unused Assets to reduce memory usage. Loaded Objects now: 4918.
Total: 2.806600 ms (FindLiveObjects: 0.369200 ms CreateObjectMapping: 0.226700 ms MarkObjects: 2.136600 ms  DeleteObjects: 0.073500 ms)

========================================================================
Received Prepare
Registering precompiled user dll's ...
Registered in 0.040617 seconds.
Begin MonoManager ReloadAssembly
Native extension for WindowsStandalone target not found
Refreshing native plugins compatible for Editor in 0.76 ms, found 1 plugins.
Preloading 0 native plugins for Editor in 0.00 ms.
Mono: successfully reloaded assembly
- Completed reload, in  1.067 seconds
Platform modules already initialized, skipping
Shader 'Universal Render Pipeline/Particles/Lit': fallback shader 'Universal Render Pipeline/Particles/SimpleLit' not found
Refreshing native plugins compatible for Editor in 0.72 ms, found 1 plugins.
Preloading 0 native plugins for Editor in 0.00 ms.
Unloading 4111 Unused Serialized files (Serialized files now loaded: 0)
System memory in use before: 255.3 MB.
System memory in use after: 255.5 MB.

Unloading 11 unused Assets to reduce memory usage. Loaded Objects now: 4921.
Total: 22.338600 ms (FindLiveObjects: 0.340200 ms CreateObjectMapping: 0.253800 ms MarkObjects: 21.627900 ms  DeleteObjects: 0.115500 ms)

========================================================================
Received Prepare
Registering precompiled user dll's ...
Registered in 0.002944 seconds.
Begin MonoManager ReloadAssembly
Native extension for WindowsStandalone target not found
Refreshing native plugins compatible for Editor in 0.72 ms, found 1 plugins.
Preloading 0 native plugins for Editor in 0.00 ms.
Mono: successfully reloaded assembly
- Completed reload, in  1.846 seconds
Platform modules already initialized, skipping
Shader 'Universal Render Pipeline/Particles/Lit': fallback shader 'Universal Render Pipeline/Particles/SimpleLit' not found
Refreshing native plugins compatible for Editor in 0.73 ms, found 1 plugins.
Preloading 0 native plugins for Editor in 0.00 ms.
Unloading 4111 Unused Serialized files (Serialized files now loaded: 0)
System memory in use before: 255.3 MB.
System memory in use after: 255.5 MB.

Unloading 11 unused Assets to reduce memory usage. Loaded Objects now: 4924.
Total: 3.768100 ms (FindLiveObjects: 0.652100 ms CreateObjectMapping: 0.414600 ms MarkObjects: 2.621100 ms  DeleteObjects: 0.079100 ms)

